#
# A fatal error has been detected by the Java Runtime Environment:
#
#  SIGSEGV (0xb) at pc=0xb7578b34, pid=18933, tid=2237713216
#
# JRE version: Java(TM) SE Runtime Environment (8.0_31-b13) (build 1.8.0_31-b13)
# Java VM: Java HotSpot(TM) Server VM (25.31-b07 mixed mode linux-x86 )
# Problematic frame:
# C  [libc.so.6+0x32b34]
#
# Failed to write core dump. Core dumps have been disabled. To enable core dumping, try "ulimit -c unlimited" before starting Java again
#
# If you would like to submit a bug report, please visit:
#   http://bugreport.java.com/bugreport/crash.jsp
# The crash happened outside the Java Virtual Machine in native code.
# See problematic frame for where to report the bug.
#

---------------  T H R E A D  ---------------

Current thread (0x85739c00):  JavaThread "JDWP Transport Listener: dt_socket" daemon [_thread_in_native, id=18947, stack(0x855bc000,0x8560d000)]

siginfo: si_signo: 11 (SIGSEGV), si_code: 1 (SEGV_MAPERR), si_addr: 0xea1bf500

Registers:
EAX=0xb650003f, EBX=0xb76ecff4, ECX=0xea1bf500, EDX=0xea1bf4f8
ESP=0x8560be20, EBP=0xb76ed3e4, ESI=0x851bf108, EDI=0x00000001
EIP=0xb7578b34, EFLAGS=0x00010282, CR2=0xea1bf500

Top of Stack: (sp=0x8560be20)
0x8560be20:   83a8f740 00000001 8560c04c b6695000
0x8560be30:   b6695708 0003722c 00000000 01629740
0x8560be40:   00000004 b754a6b8 b662972b b76ecff4
0x8560be50:   8560c04c 00000001 8560be88 b7578c0d
0x8560be60:   00000001 b76ed3e4 00000001 b7578be0
0x8560be70:   00000001 b7578be6 b66cc16c b66a4872
0x8560be80:   00000001 b66cc16c 8560bea8 b66a1998
0x8560be90:   00000001 00000032 b66c116b b66cc16c 

Instructions: (pc=0xb7578b34)
0xb7578b14:   75 00 85 f6 0f 84 8b 00 00 00 66 90 8b 46 04 85
0xb7578b24:   c0 74 79 83 e8 01 89 c2 c1 e2 04 01 f2 8d 4a 08
0xb7578b34:   8b 52 08 89 46 04 83 fa 03 74 49 83 fa 04 74 24
0xb7578b44:   83 fa 02 75 da 8b 51 08 8b 41 04 89 3c 24 c1 c8 

Register to memory mapping:

EAX=0xb650003f is an unknown value
EBX=0xb76ecff4: <offset 0x1a6ff4> in /lib/i386-linux-gnu/libc.so.6 at 0xb7546000
ECX=0xea1bf500 is an unknown value
EDX=0xea1bf4f8 is an unknown value
ESP=0x8560be20 is pointing into the stack for thread: 0x85739c00
EBP=0xb76ed3e4: <offset 0x1a73e4> in /lib/i386-linux-gnu/libc.so.6 at 0xb7546000
ESI=0x851bf108 is an unknown value
EDI=0x00000001 is an unknown value


Stack: [0x855bc000,0x8560d000],  sp=0x8560be20,  free space=319k
Native frames: (J=compiled Java code, j=interpreted, Vv=VM code, C=native code)
C  [libc.so.6+0x32b34]


---------------  P R O C E S S  ---------------

Java Threads: ( => current thread )
  0x87211000 JavaThread "Glass/Prism Shutdown Hook" [_thread_blocked, id=19042, stack(0x76daf000,0x76e00000)]
  0x851c0800 JavaThread "SIGTERM handler" daemon [_thread_blocked, id=19040, stack(0x8551a000,0x8556b000)]
  0x81296400 JavaThread "Prism Font Disposer" daemon [_thread_blocked, id=18965, stack(0x81004000,0x81055000)]
  0x81845000 JavaThread "JavaFX-Launcher" [_thread_blocked, id=18962, stack(0x819af000,0x81a00000)]
  0x81e84800 JavaThread "JavaFX Application Thread" [_thread_in_native, id=18961, stack(0x81b93000,0x81be4000)]
  0x81e81c00 JavaThread "Thread-1" daemon [_thread_blocked, id=18960, stack(0x81be4000,0x81c35000)]
  0x85780800 JavaThread "Service Thread" daemon [_thread_blocked, id=18956, stack(0x853c7000,0x85418000)]
  0x85740c00 JavaThread "C1 CompilerThread1" daemon [_thread_blocked, id=18955, stack(0x85418000,0x85499000)]
  0x8573f000 JavaThread "C2 CompilerThread0" daemon [_thread_blocked, id=18954, stack(0x85499000,0x8551a000)]
  0x8573d800 JavaThread "JDWP Event Helper Thread" daemon [_thread_blocked, id=18950, stack(0x8556b000,0x855bc000)]
=>0x85739c00 JavaThread "JDWP Transport Listener: dt_socket" daemon [_thread_in_native, id=18947, stack(0x855bc000,0x8560d000)]
  0x85715000 JavaThread "Finalizer" daemon [_thread_blocked, id=18944, stack(0x8565e000,0x856af000)]
  0x85713800 JavaThread "Reference Handler" daemon [_thread_blocked, id=18943, stack(0x856af000,0x85700000)]
  0xb6508c00 JavaThread "main" [_thread_blocked, id=18934, stack(0xb66fb000,0xb674c000)]

Other Threads:
  0x85710400 VMThread [stack: 0x87124000,0x871a5000] [id=18942]

VM state:at safepoint (shutting down)

VM Mutex/Monitor currently owned by a thread:  ([mutex/lock_event])
[0xb6506388] Threads_lock - owner thread: 0x85710400

Heap:
 PSYoungGen      total 17664K, used 12556K [0x9c600000, 0x9d880000, 0xa6e00000)
  eden space 16384K, 68% used [0x9c600000,0x9d105d20,0x9d600000)
  from space 1280K, 99% used [0x9d740000,0x9d87d6b8,0x9d880000)
  to   space 1280K, 0% used [0x9d600000,0x9d600000,0x9d740000)
 ParOldGen       total 22016K, used 4485K [0x87600000, 0x88b80000, 0x9c600000)
  object space 22016K, 20% used [0x87600000,0x87a617b8,0x88b80000)
 Metaspace       used 10301K, capacity 10803K, committed 10904K, reserved 11568K

Card table byte_map: [0x87503000,0x87600000] byte_map_base: 0x870c8000

Marking Bits: (ParMarkBitMap*) 0xb7131580
 Begin Bits: [0x86040000, 0x86820000)
 End Bits:   [0x86820000, 0x87000000)

Polling page: 0xb772e000

CodeCache: size=245760Kb used=5984Kb max_used=5984Kb free=239775Kb
 bounds [0xa71ce000, 0xa77ae000, 0xb61ce000]
 total_blobs=2769 nmethods=2376 adapters=316
 compilation: enabled

Compilation events (10 events):
Event: 311,749 Thread 0x85740c00 2411       3       com.sun.javafx.sg.prism.NGText::renderText (523 bytes)
Event: 311,753 Thread 0x85740c00 nmethod 2411 0xa77a5488 code [0xa77a5900, 0xa77a8084]
Event: 311,753 Thread 0x85740c00 2410       3       com.sun.javafx.text.TextRun::getLineBounds (8 bytes)
Event: 311,753 Thread 0x85740c00 nmethod 2410 0xa7793e08 code [0xa7793f20, 0xa7794020]
Event: 311,753 Thread 0x85740c00 2409       3       com.sun.prism.impl.ps.BaseShaderContext$State::access$200 (5 bytes)
Event: 311,754 Thread 0x85740c00 nmethod 2409 0xa7793b88 code [0xa7793ca0, 0xa7793d60]
Event: 316,166 Thread 0x85740c00 2412       3       jdk.internal.org.objectweb.asm.MethodWriter::visitTypeInsn (110 bytes)
Event: 316,167 Thread 0x85740c00 nmethod 2412 0xa7793508 code [0xa7793660, 0xa7793984]
Event: 316,169 Thread 0x85740c00 2413       3       jdk.internal.org.objectweb.asm.MethodVisitor::visitMethodInsn (55 bytes)
Event: 316,169 Thread 0x85740c00 nmethod 2413 0xa7795448 code [0xa7795580, 0xa7795898]

GC Heap History (8 events):
Event: 1,515 GC heap before
{Heap before GC invocations=1 (full 0):
 PSYoungGen      total 9472K, used 8192K [0x9c600000, 0x9d080000, 0xa6e00000)
  eden space 8192K, 100% used [0x9c600000,0x9ce00000,0x9ce00000)
  from space 1280K, 0% used [0x9cf40000,0x9cf40000,0x9d080000)
  to   space 1280K, 0% used [0x9ce00000,0x9ce00000,0x9cf40000)
 ParOldGen       total 22016K, used 0K [0x87600000, 0x88b80000, 0x9c600000)
  object space 22016K, 0% used [0x87600000,0x87600000,0x88b80000)
 Metaspace       used 4376K, capacity 4596K, committed 4632K, reserved 5424K
Event: 1,526 GC heap after
Heap after GC invocations=1 (full 0):
 PSYoungGen      total 9472K, used 1264K [0x9c600000, 0x9d080000, 0xa6e00000)
  eden space 8192K, 0% used [0x9c600000,0x9c600000,0x9ce00000)
  from space 1280K, 98% used [0x9ce00000,0x9cf3c030,0x9cf40000)
  to   space 1280K, 0% used [0x9cf40000,0x9cf40000,0x9d080000)
 ParOldGen       total 22016K, used 156K [0x87600000, 0x88b80000, 0x9c600000)
  object space 22016K, 0% used [0x87600000,0x87627030,0x88b80000)
 Metaspace       used 4376K, capacity 4596K, committed 4632K, reserved 5424K
}
Event: 2,322 GC heap before
{Heap before GC invocations=2 (full 0):
 PSYoungGen      total 9472K, used 9456K [0x9c600000, 0x9d080000, 0xa6e00000)
  eden space 8192K, 100% used [0x9c600000,0x9ce00000,0x9ce00000)
  from space 1280K, 98% used [0x9ce00000,0x9cf3c030,0x9cf40000)
  to   space 1280K, 0% used [0x9cf40000,0x9cf40000,0x9d080000)
 ParOldGen       total 22016K, used 156K [0x87600000, 0x88b80000, 0x9c600000)
  object space 22016K, 0% used [0x87600000,0x87627030,0x88b80000)
 Metaspace       used 6863K, capacity 7141K, committed 7192K, reserved 7472K
Event: 2,359 GC heap after
Heap after GC invocations=2 (full 0):
 PSYoungGen      total 9472K, used 1272K [0x9c600000, 0x9d880000, 0xa6e00000)
  eden space 8192K, 0% used [0x9c600000,0x9c600000,0x9ce00000)
  from space 1280K, 99% used [0x9cf40000,0x9d07e030,0x9d080000)
  to   space 1280K, 0% used [0x9ce00000,0x9ce00000,0x9cf40000)
 ParOldGen       total 22016K, used 1463K [0x87600000, 0x88b80000, 0x9c600000)
  object space 22016K, 6% used [0x87600000,0x8776dce8,0x88b80000)
 Metaspace       used 6863K, capacity 7141K, committed 7192K, reserved 7472K
}
Event: 3,286 GC heap before
{Heap before GC invocations=3 (full 0):
 PSYoungGen      total 9472K, used 9464K [0x9c600000, 0x9d880000, 0xa6e00000)
  eden space 8192K, 100% used [0x9c600000,0x9ce00000,0x9ce00000)
  from space 1280K, 99% used [0x9cf40000,0x9d07e030,0x9d080000)
  to   space 1280K, 0% used [0x9ce00000,0x9ce00000,0x9cf40000)
 ParOldGen       total 22016K, used 1463K [0x87600000, 0x88b80000, 0x9c600000)
  object space 22016K, 6% used [0x87600000,0x8776dce8,0x88b80000)
 Metaspace       used 8735K, capacity 9172K, committed 9240K, reserved 9520K
Event: 3,295 GC heap after
Heap after GC invocations=3 (full 0):
 PSYoungGen      total 9472K, used 1264K [0x9c600000, 0x9d880000, 0xa6e00000)
  eden space 8192K, 0% used [0x9c600000,0x9c600000,0x9ce00000)
  from space 1280K, 98% used [0x9ce00000,0x9cf3c030,0x9cf40000)
  to   space 1280K, 0% used [0x9d740000,0x9d740000,0x9d880000)
 ParOldGen       total 22016K, used 2499K [0x87600000, 0x88b80000, 0x9c600000)
  object space 22016K, 11% used [0x87600000,0x87870ce8,0x88b80000)
 Metaspace       used 8735K, capacity 9172K, committed 9240K, reserved 9520K
}
Event: 28,873 GC heap before
{Heap before GC invocations=4 (full 0):
 PSYoungGen      total 9472K, used 9456K [0x9c600000, 0x9d880000, 0xa6e00000)
  eden space 8192K, 100% used [0x9c600000,0x9ce00000,0x9ce00000)
  from space 1280K, 98% used [0x9ce00000,0x9cf3c030,0x9cf40000)
  to   space 1280K, 0% used [0x9d740000,0x9d740000,0x9d880000)
 ParOldGen       total 22016K, used 2499K [0x87600000, 0x88b80000, 0x9c600000)
  object space 22016K, 11% used [0x87600000,0x87870ce8,0x88b80000)
 Metaspace       used 10082K, capacity 10561K, committed 10648K, reserved 11568K
Event: 28,895 GC heap after
Heap after GC invocations=4 (full 0):
 PSYoungGen      total 17664K, used 1269K [0x9c600000, 0x9d880000, 0xa6e00000)
  eden space 16384K, 0% used [0x9c600000,0x9c600000,0x9d600000)
  from space 1280K, 99% used [0x9d740000,0x9d87d6b8,0x9d880000)
  to   space 1280K, 0% used [0x9d600000,0x9d600000,0x9d740000)
 ParOldGen       total 22016K, used 4485K [0x87600000, 0x88b80000, 0x9c600000)
  object space 22016K, 20% used [0x87600000,0x87a617b8,0x88b80000)
 Metaspace       used 10082K, capacity 10561K, committed 10648K, reserved 11568K
}

Deoptimization events (10 events):
Event: 2,639 Thread 0x81e84800 Uncommon trap: reason=speculate_class_check action=maybe_recompile pc=0xa740920c method=com.sun.javafx.css.BitSet.containsAll(Ljava/util/Collection;)Z @ 18
Event: 2,639 Thread 0x81e84800 Uncommon trap: reason=speculate_class_check action=maybe_recompile pc=0xa740920c method=com.sun.javafx.css.BitSet.containsAll(Ljava/util/Collection;)Z @ 18
Event: 2,639 Thread 0x81e84800 Uncommon trap: reason=class_check action=maybe_recompile pc=0xa72857e4 method=java.lang.String.equals(Ljava/lang/Object;)Z @ 8
Event: 2,908 Thread 0x81e84800 Uncommon trap: reason=null_check action=make_not_entrant pc=0xa745f728 method=javafx.scene.Node.getParent()Ljavafx/scene/Parent; @ 18
Event: 206,904 Thread 0x81e84800 Uncommon trap: reason=class_check action=maybe_recompile pc=0xa75de608 method=java.util.regex.Matcher.getTextLength()I @ 4
Event: 206,904 Thread 0x81e84800 Uncommon trap: reason=class_check action=maybe_recompile pc=0xa75de608 method=java.util.regex.Matcher.getTextLength()I @ 4
Event: 206,906 Thread 0x81e84800 Uncommon trap: reason=class_check action=maybe_recompile pc=0xa75de608 method=java.util.regex.Matcher.getTextLength()I @ 4
Event: 206,906 Thread 0x81e84800 Uncommon trap: reason=class_check action=maybe_recompile pc=0xa75de608 method=java.util.regex.Matcher.getTextLength()I @ 4
Event: 311,661 Thread 0x81e84800 Uncommon trap: reason=bimorphic action=maybe_recompile pc=0xa7782074 method=com.sun.javafx.event.EventHandlerManager.dispatchCapturingEvent(Ljavafx/event/Event;)Ljavafx/event/Event; @ 1
Event: 311,661 Thread 0x81e84800 Uncommon trap: reason=class_check action=maybe_recompile pc=0xa7799da8 method=com.sun.javafx.event.EventHandlerManager.dispatchBubblingEvent(Ljavafx/event/Event;)Ljavafx/event/Event; @ 1

Internal exceptions (10 events):
Event: 2,555 Thread 0x81e84800 Exception <a 'java/security/PrivilegedActionException'> (0x9c852ef8) thrown at [/HUDSON3/workspace/8-2-build-linux-i586/jdk8u31/2394/hotspot/src/share/vm/prims/jvm.cpp, line 1312]
Event: 2,560 Thread 0x81e84800 Exception <a 'java/security/PrivilegedActionException'> (0x9c8664c8) thrown at [/HUDSON3/workspace/8-2-build-linux-i586/jdk8u31/2394/hotspot/src/share/vm/prims/jvm.cpp, line 1312]
Event: 2,563 Thread 0x81e84800 Exception <a 'java/security/PrivilegedActionException'> (0x9c882ee0) thrown at [/HUDSON3/workspace/8-2-build-linux-i586/jdk8u31/2394/hotspot/src/share/vm/prims/jvm.cpp, line 1312]
Event: 2,908 Thread 0x81e84800 Implicit null exception at 0xa745f64f to 0xa745f719
Event: 3,065 Thread 0x81e84800 Exception <a 'java/security/PrivilegedActionException'> (0x9ccb6eb8) thrown at [/HUDSON3/workspace/8-2-build-linux-i586/jdk8u31/2394/hotspot/src/share/vm/prims/jvm.cpp, line 1312]
Event: 3,075 Thread 0x81e84800 Exception <a 'java/security/PrivilegedActionException'> (0x9cccac08) thrown at [/HUDSON3/workspace/8-2-build-linux-i586/jdk8u31/2394/hotspot/src/share/vm/prims/jvm.cpp, line 1312]
Event: 3,088 Thread 0x81e84800 Exception <a 'java/security/PrivilegedActionException'> (0x9cce2640) thrown at [/HUDSON3/workspace/8-2-build-linux-i586/jdk8u31/2394/hotspot/src/share/vm/prims/jvm.cpp, line 1312]
Event: 26,668 Thread 0x81e84800 Exception <a 'java/security/PrivilegedActionException'> (0x9ca3cf48) thrown at [/HUDSON3/workspace/8-2-build-linux-i586/jdk8u31/2394/hotspot/src/share/vm/prims/jvm.cpp, line 1312]
Event: 26,695 Thread 0x81e84800 Exception <a 'java/security/PrivilegedActionException'> (0x9ca703e0) thrown at [/HUDSON3/workspace/8-2-build-linux-i586/jdk8u31/2394/hotspot/src/share/vm/prims/jvm.cpp, line 1312]
Event: 316,175 Thread 0x87211000 Exception <a 'java/lang/IllegalStateException'> (0x9d0ef8f8) thrown at [/HUDSON3/workspace/8-2-build-linux-i586/jdk8u31/2394/hotspot/src/share/vm/prims/jvm.cpp, line 1316]

Events (10 events):
Event: 316,166 Thread 0x87211000 Thread added: 0x87211000
Event: 316,166 loading class com/sun/javafx/tk/quantum/QuantumRenderer
Event: 316,166 loading class com/sun/javafx/tk/quantum/QuantumRenderer done
Event: 316,168 Thread 0x85182000 DEOPT PACKING pc=0xa76bf650 sp=0x852b8d40
Event: 316,168 Thread 0x85182000 DEOPT UNPACKING pc=0xa720a310 sp=0x852b8be4 mode 1
Event: 316,168 Thread 0x85182000 Thread exited: 0x85182000
Event: 316,169 loading class com/sun/javafx/tk/quantum/QuantumToolkit
Event: 316,169 loading class com/sun/javafx/tk/quantum/QuantumToolkit done
Event: 316,176 Thread 0x85731400 Thread exited: 0x85731400
Event: 316,176 Executing VM operation: Exit


Dynamic libraries:
08048000-08049000 r-xp 00000000 08:15 677795     /usr/lib/jvm/java-8-oracle/bin/java
08049000-0804a000 rw-p 00000000 08:15 677795     /usr/lib/jvm/java-8-oracle/bin/java
08841000-08b59000 rw-p 00000000 00:00 0          [heap]
76800000-768ff000 rw-p 00000000 00:00 0 
768ff000-76900000 ---p 00000000 00:00 0 
76900000-769fb000 rw-p 00000000 00:00 0 
769fb000-76a00000 ---p 00000000 00:00 0 
76a00000-76ae0000 rw-p 00000000 00:00 0 
76ae0000-76b00000 ---p 00000000 00:00 0 
76ba7000-76da7000 rw-s 184cfd000 00:05 8292      /dev/dri/card0
76daf000-76db2000 ---p 00000000 00:00 0 
76db2000-76e60000 rw-p 00000000 00:00 0          [stack:19042]
76e60000-76f00000 ---p 00000000 00:00 0 
76f00000-76fcc000 rw-p 00000000 00:00 0 
76fcc000-77000000 ---p 00000000 00:00 0 
77000000-77080000 rw-s 1803ac000 00:05 8292      /dev/dri/card0
77080000-771c8000 r-xp 00000000 08:15 2101       /usr/lib/i386-linux-gnu/libxml2.so.2.7.8
771c8000-771cc000 r--p 00147000 08:15 2101       /usr/lib/i386-linux-gnu/libxml2.so.2.7.8
771cc000-771cd000 rw-p 0014b000 08:15 2101       /usr/lib/i386-linux-gnu/libxml2.so.2.7.8
771cd000-771ce000 rw-p 00000000 00:00 0 
771ce000-771cf000 ---p 00000000 00:00 0 
771cf000-779cf000 rw-p 00000000 00:00 0 
779cf000-779d0000 ---p 00000000 00:00 0 
779d0000-781d0000 rw-p 00000000 00:00 0          [stack:18973]
781d0000-781d1000 ---p 00000000 00:00 0 
781d1000-789d1000 rw-p 00000000 00:00 0 
789d1000-7aa9e000 r--p 00000000 08:15 673986     /usr/share/icons/hicolor/icon-theme.cache
7aa9e000-7fa00000 r--p 00000000 08:15 675288     /usr/share/icons/gnome/icon-theme.cache
7fa00000-7faff000 rw-p 00000000 00:00 0 
7faff000-7fb00000 ---p 00000000 00:00 0 
7fb12000-7fb64000 r--p 00000000 08:15 659534     /usr/share/fonts/truetype/ubuntu-font-family/Ubuntu-B.ttf
7fb64000-7fbc4000 rw-s 00000000 00:04 950277     /SYSV00000000 (deleted)
7fbc4000-7fbfc000 r-xp 00000000 08:15 4714       /usr/lib/i386-linux-gnu/libcroco-0.6.so.3.0.1
7fbfc000-7fbfd000 ---p 00038000 08:15 4714       /usr/lib/i386-linux-gnu/libcroco-0.6.so.3.0.1
7fbfd000-7fbff000 r--p 00038000 08:15 4714       /usr/lib/i386-linux-gnu/libcroco-0.6.so.3.0.1
7fbff000-7fc00000 rw-p 0003a000 08:15 4714       /usr/lib/i386-linux-gnu/libcroco-0.6.so.3.0.1
7fc00000-7fd00000 rw-p 00000000 00:00 0 
7fd02000-7fd39000 r-xp 00000000 08:15 5101       /usr/lib/i386-linux-gnu/librsvg-2.so.2.36.1
7fd39000-7fd3a000 r--p 00036000 08:15 5101       /usr/lib/i386-linux-gnu/librsvg-2.so.2.36.1
7fd3a000-7fd3b000 rw-p 00037000 08:15 5101       /usr/lib/i386-linux-gnu/librsvg-2.so.2.36.1
7fd3b000-7fd92000 r--p 00000000 08:15 659539     /usr/share/fonts/truetype/ubuntu-font-family/Ubuntu-R.ttf
7fd92000-7fdac000 r-xp 00000000 08:15 4743       /usr/lib/i386-linux-gnu/libdbusmenu-glib.so.4.0.13
7fdac000-7fdad000 r--p 00019000 08:15 4743       /usr/lib/i386-linux-gnu/libdbusmenu-glib.so.4.0.13
7fdad000-7fdae000 rw-p 0001a000 08:15 4743       /usr/lib/i386-linux-gnu/libdbusmenu-glib.so.4.0.13
7fdae000-7fdbf000 r-xp 00000000 08:15 4745       /usr/lib/i386-linux-gnu/libdbusmenu-gtk.so.4.0.13
7fdbf000-7fdc0000 r--p 00010000 08:15 4745       /usr/lib/i386-linux-gnu/libdbusmenu-gtk.so.4.0.13
7fdc0000-7fdc1000 rw-p 00011000 08:15 4745       /usr/lib/i386-linux-gnu/libdbusmenu-gtk.so.4.0.13
7fdd5000-7fdfe000 r-xp 00000000 08:15 5574       /usr/lib/i386-linux-gnu/gio/modules/libgvfsdbus.so
7fdfe000-7fdff000 r--p 00028000 08:15 5574       /usr/lib/i386-linux-gnu/gio/modules/libgvfsdbus.so
7fdff000-7fe00000 rw-p 00029000 08:15 5574       /usr/lib/i386-linux-gnu/gio/modules/libgvfsdbus.so
7fe00000-7ffef000 rw-p 00000000 00:00 0 
7ffef000-80000000 ---p 00000000 00:00 0 
80000000-80a00000 rwxp 00000000 00:00 0 
80a00000-80b00000 rw-p 00000000 00:00 0 
80b00000-80b01000 r-xp 00000000 08:15 5561       /usr/lib/i386-linux-gnu/gdk-pixbuf-2.0/2.10.0/loaders/libpixbufloader-svg.so
80b01000-80b02000 r--p 00000000 08:15 5561       /usr/lib/i386-linux-gnu/gdk-pixbuf-2.0/2.10.0/loaders/libpixbufloader-svg.so
80b02000-80b03000 rw-p 00001000 08:15 5561       /usr/lib/i386-linux-gnu/gdk-pixbuf-2.0/2.10.0/loaders/libpixbufloader-svg.so
80b03000-80b08000 r-xp 00000000 08:15 5723       /usr/lib/i386-linux-gnu/gtk-2.0/2.10.0/menuproxies/libappmenu.so
80b08000-80b09000 r--p 00004000 08:15 5723       /usr/lib/i386-linux-gnu/gtk-2.0/2.10.0/menuproxies/libappmenu.so
80b09000-80b0a000 rw-p 00005000 08:15 5723       /usr/lib/i386-linux-gnu/gtk-2.0/2.10.0/menuproxies/libappmenu.so
80b0a000-80b26000 r--s 00000000 08:15 410861     /usr/share/mime/mime.cache
80b26000-80b44000 r--p 00000000 08:15 423209     /usr/share/locale-langpack/ru/LC_MESSAGES/glib20.mo
80b44000-80b59000 r-xp 00000000 08:15 5777       /usr/lib/i386-linux-gnu/gvfs/libgvfscommon.so
80b59000-80b5a000 r--p 00014000 08:15 5777       /usr/lib/i386-linux-gnu/gvfs/libgvfscommon.so
80b5a000-80b5b000 rw-p 00015000 08:15 5777       /usr/lib/i386-linux-gnu/gvfs/libgvfscommon.so
80b5b000-80b6b000 r-xp 00000000 08:15 5573       /usr/lib/i386-linux-gnu/gio/modules/libgioremote-volume-monitor.so
80b6b000-80b6c000 r--p 0000f000 08:15 5573       /usr/lib/i386-linux-gnu/gio/modules/libgioremote-volume-monitor.so
80b6c000-80b6d000 rw-p 00010000 08:15 5573       /usr/lib/i386-linux-gnu/gio/modules/libgioremote-volume-monitor.so
80b6d000-80bed000 rw-s 18032c000 00:05 8292      /dev/dri/card0
80bed000-80ced000 rw-p 00000000 00:00 0 
80ced000-80d00000 r--s 00344000 08:15 677898     /usr/lib/jvm/java-8-oracle/jre/lib/resources.jar
80d00000-80dff000 rw-p 00000000 00:00 0 
80dff000-80e00000 ---p 00000000 00:00 0 
80e00000-80e02000 r-xp 00000000 08:15 5925       /usr/lib/i386-linux-gnu/pango/1.6.0/modules/pango-basic-fc.so
80e02000-80e03000 r--p 00001000 08:15 5925       /usr/lib/i386-linux-gnu/pango/1.6.0/modules/pango-basic-fc.so
80e03000-80e04000 rw-p 00002000 08:15 5925       /usr/lib/i386-linux-gnu/pango/1.6.0/modules/pango-basic-fc.so
80e04000-80f04000 rw-p 00000000 00:00 0 
80f04000-81004000 rw-p 00000000 00:00 0 
81004000-81007000 ---p 00000000 00:00 0 
81007000-81055000 rw-p 00000000 00:00 0          [stack:18965]
81055000-81105000 r--p 00000000 08:15 659508     /usr/share/fonts/truetype/ttf-dejavu/DejaVuSans.ttf
81105000-81141000 r--p 00000000 08:15 677842     /usr/lib/jvm/java-8-oracle/jre/lib/fonts/LucidaTypewriterRegular.ttf
81141000-811ec000 r--p 00000000 08:15 677841     /usr/lib/jvm/java-8-oracle/jre/lib/fonts/LucidaSansRegular.ttf
811ec000-81200000 r--p 00000000 08:15 677840     /usr/lib/jvm/java-8-oracle/jre/lib/fonts/LucidaBrightItalic.ttf
81200000-812fe000 rw-p 00000000 00:00 0 
812fe000-81300000 ---p 00000000 00:00 0 
81301000-81302000 rw-p 00000000 00:00 0 
81302000-8130a000 r--p 00000000 08:15 423116     /usr/share/locale-langpack/ru/LC_MESSAGES/gdk-pixbuf.mo
8130a000-8130e000 r-xp 00000000 08:15 5557       /usr/lib/i386-linux-gnu/gdk-pixbuf-2.0/2.10.0/loaders/libpixbufloader-png.so
8130e000-8130f000 r--p 00003000 08:15 5557       /usr/lib/i386-linux-gnu/gdk-pixbuf-2.0/2.10.0/loaders/libpixbufloader-png.so
8130f000-81310000 rw-p 00004000 08:15 5557       /usr/lib/i386-linux-gnu/gdk-pixbuf-2.0/2.10.0/loaders/libpixbufloader-png.so
81310000-81365000 r--p 00000000 08:15 677839     /usr/lib/jvm/java-8-oracle/jre/lib/fonts/LucidaBrightRegular.ttf
81365000-813b3000 r--p 00000000 08:15 677838     /usr/lib/jvm/java-8-oracle/jre/lib/fonts/LucidaSansDemiBold.ttf
813b3000-813c6000 r--p 00000000 08:15 677837     /usr/lib/jvm/java-8-oracle/jre/lib/fonts/LucidaBrightDemiBold.ttf
813c6000-81400000 r--p 00000000 08:15 677835     /usr/lib/jvm/java-8-oracle/jre/lib/fonts/LucidaTypewriterBold.ttf
81400000-81500000 rw-p 00000000 00:00 0 
81500000-81600000 rw-p 00000000 00:00 0 
81600000-81700000 rw-p 00000000 00:00 0 
81700000-81800000 rw-p 00000000 00:00 0 
81800000-818fa000 rw-p 00000000 00:00 0 
818fa000-81900000 ---p 00000000 00:00 0 
81900000-81901000 r--s 00000000 08:12 918581     /home/zonclayv/.local/share/mime/mime.cache
81901000-81908000 r-xp 00000000 08:15 5569       /usr/lib/i386-linux-gnu/gio/modules/libdconfsettings.so
81908000-81909000 r--p 00006000 08:15 5569       /usr/lib/i386-linux-gnu/gio/modules/libdconfsettings.so
81909000-8190a000 rw-p 00007000 08:15 5569       /usr/lib/i386-linux-gnu/gio/modules/libdconfsettings.so
8190a000-8190f000 r--s 00084000 08:15 677964     /usr/lib/jvm/java-8-oracle/jre/lib/jfr.jar
8190f000-81922000 r--p 00000000 08:15 677836     /usr/lib/jvm/java-8-oracle/jre/lib/fonts/LucidaBrightDemiItalic.ttf
81922000-81926000 r-xp 00000000 08:15 677957     /usr/lib/jvm/java-8-oracle/jre/lib/i386/libjavafx_font_pango.so
81926000-81927000 r--p 00003000 08:15 677957     /usr/lib/jvm/java-8-oracle/jre/lib/i386/libjavafx_font_pango.so
81927000-81928000 rw-p 00004000 08:15 677957     /usr/lib/jvm/java-8-oracle/jre/lib/i386/libjavafx_font_pango.so
81928000-81931000 r--s 0006f000 08:12 4991460    /home/zonclayv/Work/java_lib/log4j-1.2.17.jar
81931000-81932000 r--s 00008000 08:12 397730     /home/zonclayv/Work/eclipse/eclipse-java-luna-SR1/plugins/org.eclipse.fx.ide.css.jfx8_1.1.0.201411050807.jar
81932000-8193d000 r--s 00116000 08:15 677870     /usr/lib/jvm/java-8-oracle/jre/lib/ext/localedata.jar
8193d000-81959000 r--s 00393000 08:15 677869     /usr/lib/jvm/java-8-oracle/jre/lib/ext/cldrdata.jar
81959000-8195a000 r--s 00000000 08:15 274151     /var/cache/fontconfig/c05880de57d1f5e948fdfacc138775d9-le32d4.cache-3
8195a000-81960000 r--s 00000000 08:15 274146     /var/cache/fontconfig/945677eb7aeaf62f1d50efc3fb3ec7d8-le32d4.cache-3
81960000-81966000 r--s 00000000 08:15 279363     /var/cache/fontconfig/a6d8cf8e4ec09cdbc8633c31745a07dd-le32d4.cache-3
81966000-81969000 r--s 00000000 08:15 274133     /var/cache/fontconfig/2cd17615ca594fa2959ae173292e504c-le32d4.cache-3
81969000-8196d000 r--s 00000000 08:15 274148     /var/cache/fontconfig/a755afe4a08bf5b97852ceb7400b47bc-le32d4.cache-3
8196d000-81974000 r--s 00000000 08:15 279111     /var/cache/fontconfig/6d41288fd70b0be22e8c3a91e032eec0-le32d4.cache-3
81974000-81977000 r--s 00000000 08:15 279298     /var/cache/fontconfig/de156ccd2eddbdc19d37a45b8b2aac9c-le32d4.cache-3
81977000-81982000 r--s 00000000 08:15 274130     /var/cache/fontconfig/04aabc0a78ac019cf9454389977116d2-le32d4.cache-3
81982000-81985000 r--s 00000000 08:15 274136     /var/cache/fontconfig/385c0604a188198f04d133e54aba7fe7-le32d4.cache-3
81985000-819a7000 r--s 00000000 08:15 263935     /var/cache/fontconfig/365b55f210c0a22e9a19e35191240f32-le32d4.cache-3
819a7000-819ab000 r--s 00000000 08:15 274134     /var/cache/fontconfig/3047814df9a2f067bd2d96a2b9c36e5a-le32d4.cache-3
819ab000-819af000 r--s 00000000 08:15 274149     /var/cache/fontconfig/b47c4e1ecd0709278f4910c18777a504-le32d4.cache-3
819af000-819b2000 ---p 00000000 00:00 0 
819b2000-81a00000 rw-p 00000000 00:00 0          [stack:18962]
81a00000-81ac6000 rw-p 00000000 00:00 0 
81ac6000-81b00000 ---p 00000000 00:00 0 
81b00000-81b06000 r--s 00000000 08:15 279362     /var/cache/fontconfig/52f7bdb7ce746bfd7eaa1985bd9cfa93-le32d4.cache-3
81b06000-81b13000 r--s 00000000 08:15 274154     /var/cache/fontconfig/d52a8644073d54c13679302ca1180695-le32d4.cache-3
81b13000-81b93000 rw-s 1809ed000 00:05 8292      /dev/dri/card0
81b93000-81b96000 ---p 00000000 00:00 0 
81b96000-81be4000 rw-p 00000000 00:00 0          [stack:18961]
81be4000-81be7000 ---p 00000000 00:00 0 
81be7000-81c35000 rw-p 00000000 00:00 0          [stack:18960]
81c35000-81c5e000 r-xp 00000000 08:15 5180       /usr/lib/i386-linux-gnu/libvorbis.so.0.4.5
81c5e000-81c5f000 r--p 00028000 08:15 5180       /usr/lib/i386-linux-gnu/libvorbis.so.0.4.5
81c5f000-81c60000 rw-p 00029000 08:15 5180       /usr/lib/i386-linux-gnu/libvorbis.so.0.4.5
81c60000-81c68000 r-xp 00000000 08:15 4985       /usr/lib/i386-linux-gnu/libltdl.so.7.3.0
81c68000-81c69000 r--p 00008000 08:15 4985       /usr/lib/i386-linux-gnu/libltdl.so.7.3.0
81c69000-81c6a000 rw-p 00009000 08:15 4985       /usr/lib/i386-linux-gnu/libltdl.so.7.3.0
81c6a000-81c7b000 r-xp 00000000 08:15 5152       /usr/lib/i386-linux-gnu/libtdb.so.1.2.9
81c7b000-81c7c000 r--p 00010000 08:15 5152       /usr/lib/i386-linux-gnu/libtdb.so.1.2.9
81c7c000-81c7d000 rw-p 00011000 08:15 5152       /usr/lib/i386-linux-gnu/libtdb.so.1.2.9
81c7d000-81c85000 r-xp 00000000 08:15 5184       /usr/lib/i386-linux-gnu/libvorbisfile.so.3.3.4
81c85000-81c86000 r--p 00007000 08:15 5184       /usr/lib/i386-linux-gnu/libvorbisfile.so.3.3.4
81c86000-81c87000 rw-p 00008000 08:15 5184       /usr/lib/i386-linux-gnu/libvorbisfile.so.3.3.4
81c87000-81c96000 r-xp 00000000 08:15 4705       /usr/lib/i386-linux-gnu/libcanberra.so.0.2.5
81c96000-81c97000 r--p 0000e000 08:15 4705       /usr/lib/i386-linux-gnu/libcanberra.so.0.2.5
81c97000-81c98000 rw-p 0000f000 08:15 4705       /usr/lib/i386-linux-gnu/libcanberra.so.0.2.5
81c98000-81c9a000 r--s 00000000 08:15 274147     /var/cache/fontconfig/99e8ed0e538f840c565b6ed5dad60d56-le32d4.cache-3
81c9a000-81c9e000 r--s 00000000 08:15 279361     /var/cache/fontconfig/3f7329c5293ffd510edef78f73874cfd-le32d4.cache-3
81c9e000-81ca6000 r--s 00000000 08:15 266500     /var/cache/fontconfig/e13b20fdb08344e0e664864cc2ede53d-le32d4.cache-3
81ca6000-81caa000 r-xp 00000000 08:15 677943     /usr/lib/jvm/java-8-oracle/jre/lib/i386/libjavafx_font_freetype.so
81caa000-81cab000 r--p 00003000 08:15 677943     /usr/lib/jvm/java-8-oracle/jre/lib/i386/libjavafx_font_freetype.so
81cab000-81cac000 rw-p 00004000 08:15 677943     /usr/lib/jvm/java-8-oracle/jre/lib/i386/libjavafx_font_freetype.so
81cac000-81cf3000 r-xp 00000000 08:15 131454     /lib/i386-linux-gnu/libdbus-1.so.3.5.8
81cf3000-81cf4000 ---p 00047000 08:15 131454     /lib/i386-linux-gnu/libdbus-1.so.3.5.8
81cf4000-81cf5000 r--p 00047000 08:15 131454     /lib/i386-linux-gnu/libdbus-1.so.3.5.8
81cf5000-81cf6000 rw-p 00048000 08:15 131454     /lib/i386-linux-gnu/libdbus-1.so.3.5.8
81cf6000-81d17000 r-xp 00000000 08:15 4663       /usr/lib/i386-linux-gnu/libatspi.so.0.0.1
81d17000-81d18000 r--p 00021000 08:15 4663       /usr/lib/i386-linux-gnu/libatspi.so.0.0.1
81d18000-81d19000 rw-p 00022000 08:15 4663       /usr/lib/i386-linux-gnu/libatspi.so.0.0.1
81d19000-81d41000 r-xp 00000000 08:15 5728       /usr/lib/i386-linux-gnu/gtk-2.0/modules/libatk-bridge.so
81d41000-81d42000 r--p 00028000 08:15 5728       /usr/lib/i386-linux-gnu/gtk-2.0/modules/libatk-bridge.so
81d42000-81d43000 rw-p 00029000 08:15 5728       /usr/lib/i386-linux-gnu/gtk-2.0/modules/libatk-bridge.so
81d43000-81d91000 r-xp 00000000 08:15 5731       /usr/lib/i386-linux-gnu/gtk-2.0/modules/libgail.so
81d91000-81d92000 r--p 0004d000 08:15 5731       /usr/lib/i386-linux-gnu/gtk-2.0/modules/libgail.so
81d92000-81d93000 rw-p 0004e000 08:15 5731       /usr/lib/i386-linux-gnu/gtk-2.0/modules/libgail.so
81d93000-81dc8000 r-xp 00000000 08:15 5707       /usr/lib/i386-linux-gnu/gtk-2.0/2.10.0/engines/libmurrine.so
81dc8000-81dc9000 r--p 00034000 08:15 5707       /usr/lib/i386-linux-gnu/gtk-2.0/2.10.0/engines/libmurrine.so
81dc9000-81dca000 rw-p 00035000 08:15 5707       /usr/lib/i386-linux-gnu/gtk-2.0/2.10.0/engines/libmurrine.so
81dca000-81e00000 r--p 00000000 08:15 423173     /usr/share/locale-langpack/ru/LC_MESSAGES/gtk20-properties.mo
81e00000-81ece000 rw-p 00000000 00:00 0 
81ece000-81f00000 ---p 00000000 00:00 0 
81f00000-81f01000 r--s 00000000 08:15 274158     /var/cache/fontconfig/e7071f4a29fa870f4323321c154eba04-le32d4.cache-3
81f01000-81f07000 r-xp 00000000 08:15 5027       /usr/lib/i386-linux-gnu/libogg.so.0.7.1
81f07000-81f08000 r--p 00005000 08:15 5027       /usr/lib/i386-linux-gnu/libogg.so.0.7.1
81f08000-81f09000 rw-p 00006000 08:15 5027       /usr/lib/i386-linux-gnu/libogg.so.0.7.1
81f09000-81f0f000 r-xp 00000000 08:15 4802       /usr/lib/i386-linux-gnu/libgailutil.so.18.0.1
81f0f000-81f10000 r--p 00005000 08:15 4802       /usr/lib/i386-linux-gnu/libgailutil.so.18.0.1
81f10000-81f11000 rw-p 00006000 08:15 4802       /usr/lib/i386-linux-gnu/libgailutil.so.18.0.1
81f11000-81f12000 r--s 00000000 08:15 274131     /var/cache/fontconfig/0d8c3b2ac0904cb8a57a757ad11a4a08-le32d4.cache-3
81f12000-81f13000 r--s 00000000 08:15 263936     /var/cache/fontconfig/4794a0821666d79190d59a36cb4f44b5-le32d4.cache-3
81f13000-81f16000 r-xp 00000000 08:15 677952     /usr/lib/jvm/java-8-oracle/jre/lib/i386/libjavafx_font.so
81f16000-81f17000 r--p 00002000 08:15 677952     /usr/lib/jvm/java-8-oracle/jre/lib/i386/libjavafx_font.so
81f17000-81f18000 rw-p 00003000 08:15 677952     /usr/lib/jvm/java-8-oracle/jre/lib/i386/libjavafx_font.so
81f18000-81f1c000 r-xp 00000000 08:15 4701       /usr/lib/i386-linux-gnu/libcanberra-gtk.so.0.1.8
81f1c000-81f1d000 r--p 00003000 08:15 4701       /usr/lib/i386-linux-gnu/libcanberra-gtk.so.0.1.8
81f1d000-81f1e000 rw-p 00004000 08:15 4701       /usr/lib/i386-linux-gnu/libcanberra-gtk.so.0.1.8
81f1e000-81f23000 r-xp 00000000 08:15 5729       /usr/lib/i386-linux-gnu/gtk-2.0/modules/libcanberra-gtk-module.so
81f23000-81f24000 r--p 00004000 08:15 5729       /usr/lib/i386-linux-gnu/gtk-2.0/modules/libcanberra-gtk-module.so
81f24000-81f25000 rw-p 00005000 08:15 5729       /usr/lib/i386-linux-gnu/gtk-2.0/modules/libcanberra-gtk-module.so
81f25000-81f4c000 r-xp 00000000 08:15 677962     /usr/lib/jvm/java-8-oracle/jre/lib/i386/libglass.so
81f4c000-81f4d000 r--p 00027000 08:15 677962     /usr/lib/jvm/java-8-oracle/jre/lib/i386/libglass.so
81f4d000-81f4e000 rw-p 00028000 08:15 677962     /usr/lib/jvm/java-8-oracle/jre/lib/i386/libglass.so
81f4e000-81fce000 rw-s 17fc73000 00:05 8292      /dev/dri/card0
81fce000-82000000 r-xp 00000000 08:15 5170       /usr/lib/i386-linux-gnu/libtxc_dxtn_s2tc.so.0.0.0
82000000-82001000 r--p 00031000 08:15 5170       /usr/lib/i386-linux-gnu/libtxc_dxtn_s2tc.so.0.0.0
82001000-82002000 rw-p 00032000 08:15 5170       /usr/lib/i386-linux-gnu/libtxc_dxtn_s2tc.so.0.0.0
82002000-82030000 r--p 00000000 08:15 424148     /usr/share/locale-langpack/ru/LC_MESSAGES/libc.mo
82030000-8204c000 r-xp 00000000 08:15 131573     /lib/i386-linux-gnu/libtinfo.so.5.9
8204c000-8204e000 r--p 0001b000 08:15 131573     /lib/i386-linux-gnu/libtinfo.so.5.9
8204e000-8204f000 rw-p 0001d000 08:15 131573     /lib/i386-linux-gnu/libtinfo.so.5.9
8204f000-83975000 r-xp 00000000 08:15 2196       /usr/lib/i386-linux-gnu/libLLVM-3.4.so.1
83975000-83a89000 r--p 01925000 08:15 2196       /usr/lib/i386-linux-gnu/libLLVM-3.4.so.1
83a89000-83a8a000 rw-p 01a39000 08:15 2196       /usr/lib/i386-linux-gnu/libLLVM-3.4.so.1
83a8a000-83a96000 rw-p 00000000 00:00 0 
83a96000-83c95000 r-xp 00000000 08:15 2175       /usr/lib/i386-linux-gnu/libgallium.so.0.0.0
83c95000-83c9f000 r--p 001ff000 08:15 2175       /usr/lib/i386-linux-gnu/libgallium.so.0.0.0
83c9f000-83ca0000 rw-p 00209000 08:15 2175       /usr/lib/i386-linux-gnu/libgallium.so.0.0.0
83ca0000-83e67000 rw-p 00000000 00:00 0 
83e67000-83e6a000 r--s 00000000 08:15 274145     /var/cache/fontconfig/8801497958630a81b71ace7c5f9b32a8-le32d4.cache-3
83e6a000-83e7b000 r--p 00000000 08:15 423243     /usr/share/locale-langpack/ru/LC_MESSAGES/gtk20.mo
83e7b000-84287000 r-xp 00000000 08:15 2181       /usr/lib/i386-linux-gnu/dri/nouveau_dri.so
84287000-84288000 ---p 0040c000 08:15 2181       /usr/lib/i386-linux-gnu/dri/nouveau_dri.so
84288000-84292000 r--p 0040c000 08:15 2181       /usr/lib/i386-linux-gnu/dri/nouveau_dri.so
84292000-84298000 rw-p 00416000 08:15 2181       /usr/lib/i386-linux-gnu/dri/nouveau_dri.so
84298000-842b1000 rw-p 00000000 00:00 0 
842b1000-842bf000 r-xp 00000000 08:15 131456     /lib/i386-linux-gnu/libudev.so.0.13.0
842bf000-842c0000 r--p 0000e000 08:15 131456     /lib/i386-linux-gnu/libudev.so.0.13.0
842c0000-842c1000 rw-p 0000f000 08:15 131456     /lib/i386-linux-gnu/libudev.so.0.13.0
842c1000-842c6000 r-xp 00000000 08:15 4607       /usr/lib/i386-linux-gnu/libXdmcp.so.6.0.0
842c6000-842c7000 r--p 00004000 08:15 4607       /usr/lib/i386-linux-gnu/libXdmcp.so.6.0.0
842c7000-842c8000 rw-p 00005000 08:15 4607       /usr/lib/i386-linux-gnu/libXdmcp.so.6.0.0
842c8000-842ca000 r-xp 00000000 08:15 4596       /usr/lib/i386-linux-gnu/libXau.so.6.0.0
842ca000-842cb000 r--p 00001000 08:15 4596       /usr/lib/i386-linux-gnu/libXau.so.6.0.0
842cb000-842cc000 rw-p 00002000 08:15 4596       /usr/lib/i386-linux-gnu/libXau.so.6.0.0
842cc000-842d7000 r-xp 00000000 08:15 2081       /usr/lib/i386-linux-gnu/libdrm.so.2.4.0
842d7000-842d8000 r--p 0000a000 08:15 2081       /usr/lib/i386-linux-gnu/libdrm.so.2.4.0
842d8000-842d9000 rw-p 0000b000 08:15 2081       /usr/lib/i386-linux-gnu/libdrm.so.2.4.0
842d9000-842dc000 r-xp 00000000 08:15 5205       /usr/lib/i386-linux-gnu/libxcb-dri2.so.0.0.0
842dc000-842dd000 r--p 00003000 08:15 5205       /usr/lib/i386-linux-gnu/libxcb-dri2.so.0.0.0
842dd000-842de000 rw-p 00004000 08:15 5205       /usr/lib/i386-linux-gnu/libxcb-dri2.so.0.0.0
842de000-842f4000 r-xp 00000000 08:15 5207       /usr/lib/i386-linux-gnu/libxcb-glx.so.0.0.0
842f4000-842f5000 r--p 00016000 08:15 5207       /usr/lib/i386-linux-gnu/libxcb-glx.so.0.0.0
842f5000-842f6000 rw-p 00017000 08:15 5207       /usr/lib/i386-linux-gnu/libxcb-glx.so.0.0.0
842f6000-84306000 r-xp 00000000 08:15 2190       /usr/lib/i386-linux-gnu/libglapi.so.0.0.0
84306000-84308000 r--p 0000f000 08:15 2190       /usr/lib/i386-linux-gnu/libglapi.so.0.0.0
84308000-8430d000 rwxp 00011000 08:15 2190       /usr/lib/i386-linux-gnu/libglapi.so.0.0.0
8430d000-8430e000 rwxp 00000000 00:00 0 
8430e000-84348000 r-xp 00000000 08:15 131547     /lib/i386-linux-gnu/libpcre.so.3.12.1
84348000-84349000 r--p 00039000 08:15 131547     /lib/i386-linux-gnu/libpcre.so.3.12.1
84349000-8434a000 rw-p 0003a000 08:15 131547     /lib/i386-linux-gnu/libpcre.so.3.12.1
8434a000-8434f000 r-xp 00000000 08:15 4787       /usr/lib/i386-linux-gnu/libffi.so.6.0.0
8434f000-84350000 r--p 00004000 08:15 4787       /usr/lib/i386-linux-gnu/libffi.so.6.0.0
84350000-84351000 rw-p 00005000 08:15 4787       /usr/lib/i386-linux-gnu/libffi.so.6.0.0
84351000-84377000 r-xp 00000000 08:15 131490     /lib/i386-linux-gnu/libexpat.so.1.5.2
84377000-84378000 ---p 00026000 08:15 131490     /lib/i386-linux-gnu/libexpat.so.1.5.2
84378000-8437a000 r--p 00026000 08:15 131490     /lib/i386-linux-gnu/libexpat.so.1.5.2
8437a000-8437b000 rw-p 00028000 08:15 131490     /lib/i386-linux-gnu/libexpat.so.1.5.2
8437b000-8439a000 r-xp 00000000 08:15 5219       /usr/lib/i386-linux-gnu/libxcb.so.1.1.0
8439a000-8439b000 r--p 0001f000 08:15 5219       /usr/lib/i386-linux-gnu/libxcb.so.1.1.0
8439b000-8439c000 rw-p 00020000 08:15 5219       /usr/lib/i386-linux-gnu/libxcb.so.1.1.0
8439c000-843a4000 r-xp 00000000 08:15 5209       /usr/lib/i386-linux-gnu/libxcb-render.so.0.0.0
843a4000-843a5000 r--p 00008000 08:15 5209       /usr/lib/i386-linux-gnu/libxcb-render.so.0.0.0
843a5000-843a6000 rw-p 00009000 08:15 5209       /usr/lib/i386-linux-gnu/libxcb-render.so.0.0.0
843a6000-843a8000 r-xp 00000000 08:15 5213       /usr/lib/i386-linux-gnu/libxcb-shm.so.0.0.0
843a8000-843a9000 r--p 00001000 08:15 5213       /usr/lib/i386-linux-gnu/libxcb-shm.so.0.0.0
843a9000-843aa000 rw-p 00002000 08:15 5213       /usr/lib/i386-linux-gnu/libxcb-shm.so.0.0.0
843aa000-843d2000 r-xp 00000000 08:15 131551     /lib/i386-linux-gnu/libpng12.so.0.46.0
843d2000-843d3000 r--p 00027000 08:15 131551     /lib/i386-linux-gnu/libpng12.so.0.46.0
843d3000-843d4000 rw-p 00028000 08:15 131551     /lib/i386-linux-gnu/libpng12.so.0.46.0
843d4000-84469000 r-xp 00000000 08:15 2194       /usr/lib/i386-linux-gnu/libpixman-1.so.0.30.2
84469000-8446e000 r--p 00095000 08:15 2194       /usr/lib/i386-linux-gnu/libpixman-1.so.0.30.2
8446e000-8446f000 rw-p 0009a000 08:15 2194       /usr/lib/i386-linux-gnu/libpixman-1.so.0.30.2
8446f000-84482000 r-xp 00000000 08:15 149893     /lib/i386-linux-gnu/libresolv-2.15.so
84482000-84483000 ---p 00013000 08:15 149893     /lib/i386-linux-gnu/libresolv-2.15.so
84483000-84484000 r--p 00013000 08:15 149893     /lib/i386-linux-gnu/libresolv-2.15.so
84484000-84485000 rw-p 00014000 08:15 149893     /lib/i386-linux-gnu/libresolv-2.15.so
84485000-84487000 rw-p 00000000 00:00 0 
84487000-844a4000 r-xp 00000000 08:15 131564     /lib/i386-linux-gnu/libselinux.so.1
844a4000-844a5000 r--p 0001c000 08:15 131564     /lib/i386-linux-gnu/libselinux.so.1
844a5000-844a6000 rw-p 0001d000 08:15 131564     /lib/i386-linux-gnu/libselinux.so.1
844a6000-844ba000 r-xp 00000000 08:15 131587     /lib/i386-linux-gnu/libz.so.1.2.3.4
844ba000-844bb000 r--p 00013000 08:15 131587     /lib/i386-linux-gnu/libz.so.1.2.3.4
844bb000-844bc000 rw-p 00014000 08:15 131587     /lib/i386-linux-gnu/libz.so.1.2.3.4
844bc000-844be000 r-xp 00000000 08:15 4605       /usr/lib/i386-linux-gnu/libXdamage.so.1.1.0
844be000-844bf000 r--p 00001000 08:15 4605       /usr/lib/i386-linux-gnu/libXdamage.so.1.1.0
844bf000-844c0000 rw-p 00002000 08:15 4605       /usr/lib/i386-linux-gnu/libXdamage.so.1.1.0
844c0000-844c9000 r-xp 00000000 08:15 4603       /usr/lib/i386-linux-gnu/libXcursor.so.1.0.2
844c9000-844ca000 r--p 00008000 08:15 4603       /usr/lib/i386-linux-gnu/libXcursor.so.1.0.2
844ca000-844cb000 rw-p 00009000 08:15 4603       /usr/lib/i386-linux-gnu/libXcursor.so.1.0.2
844cb000-844d2000 r-xp 00000000 08:15 4627       /usr/lib/i386-linux-gnu/libXrandr.so.2.2.0
844d2000-844d3000 r--p 00006000 08:15 4627       /usr/lib/i386-linux-gnu/libXrandr.so.2.2.0
844d3000-844d4000 rw-p 00007000 08:15 4627       /usr/lib/i386-linux-gnu/libXrandr.so.2.2.0
844d4000-844e3000 r-xp 00000000 08:15 2245       /usr/lib/i386-linux-gnu/libXi.so.6.1.0
844e3000-844e4000 r--p 0000e000 08:15 2245       /usr/lib/i386-linux-gnu/libXi.so.6.1.0
844e4000-844e5000 rw-p 0000f000 08:15 2245       /usr/lib/i386-linux-gnu/libXi.so.6.1.0
844e5000-844ed000 r-xp 00000000 08:15 4631       /usr/lib/i386-linux-gnu/libXrender.so.1.3.0
844ed000-844ee000 r--p 00007000 08:15 4631       /usr/lib/i386-linux-gnu/libXrender.so.1.3.0
844ee000-844ef000 rw-p 00008000 08:15 4631       /usr/lib/i386-linux-gnu/libXrender.so.1.3.0
844ef000-844ff000 r-xp 00000000 08:15 4609       /usr/lib/i386-linux-gnu/libXext.so.6.4.0
844ff000-84500000 r--p 0000f000 08:15 4609       /usr/lib/i386-linux-gnu/libXext.so.6.4.0
84500000-84501000 rw-p 00010000 08:15 4609       /usr/lib/i386-linux-gnu/libXext.so.6.4.0
84501000-84505000 r-xp 00000000 08:15 2192       /usr/lib/i386-linux-gnu/libXfixes.so.3.1.0
84505000-84506000 r--p 00004000 08:15 2192       /usr/lib/i386-linux-gnu/libXfixes.so.3.1.0
84506000-84507000 rw-p 00005000 08:15 2192       /usr/lib/i386-linux-gnu/libXfixes.so.3.1.0
84507000-84523000 r-xp 00000000 08:15 131493     /lib/i386-linux-gnu/libgcc_s.so.1
84523000-84524000 r--p 0001b000 08:15 131493     /lib/i386-linux-gnu/libgcc_s.so.1
84524000-84525000 rw-p 0001c000 08:15 131493     /lib/i386-linux-gnu/libgcc_s.so.1
84525000-845fd000 r-xp 00000000 08:15 5144       /usr/lib/i386-linux-gnu/libstdc++.so.6.0.16
845fd000-845fe000 ---p 000d8000 08:15 5144       /usr/lib/i386-linux-gnu/libstdc++.so.6.0.16
845fe000-84602000 r--p 000d8000 08:15 5144       /usr/lib/i386-linux-gnu/libstdc++.so.6.0.16
84602000-84603000 rw-p 000dc000 08:15 5144       /usr/lib/i386-linux-gnu/libstdc++.so.6.0.16
84603000-8460a000 rw-p 00000000 00:00 0 
8460a000-84660000 r-xp 00000000 08:15 2185       /usr/lib/i386-linux-gnu/mesa/libGL.so.1.2.0
84660000-84662000 r--p 00055000 08:15 2185       /usr/lib/i386-linux-gnu/mesa/libGL.so.1.2.0
84662000-84667000 rwxp 00057000 08:15 2185       /usr/lib/i386-linux-gnu/mesa/libGL.so.1.2.0
84667000-84797000 r-xp 00000000 08:15 4594       /usr/lib/i386-linux-gnu/libX11.so.6.3.0
84797000-84798000 r--p 0012f000 08:15 4594       /usr/lib/i386-linux-gnu/libX11.so.6.3.0
84798000-8479a000 rw-p 00130000 08:15 4594       /usr/lib/i386-linux-gnu/libX11.so.6.3.0
8479a000-8479b000 rw-p 00000000 00:00 0 
8479b000-84892000 r-xp 00000000 08:15 131497     /lib/i386-linux-gnu/libglib-2.0.so.0.3200.4
84892000-84893000 r--p 000f6000 08:15 131497     /lib/i386-linux-gnu/libglib-2.0.so.0.3200.4
84893000-84894000 rw-p 000f7000 08:15 131497     /lib/i386-linux-gnu/libglib-2.0.so.0.3200.4
84894000-848e1000 r-xp 00000000 08:15 4860       /usr/lib/i386-linux-gnu/libgobject-2.0.so.0.3200.4
848e1000-848e2000 r--p 0004c000 08:15 4860       /usr/lib/i386-linux-gnu/libgobject-2.0.so.0.3200.4
848e2000-848e3000 rw-p 0004d000 08:15 4860       /usr/lib/i386-linux-gnu/libgobject-2.0.so.0.3200.4
848e3000-84978000 r-xp 00000000 08:15 4797       /usr/lib/i386-linux-gnu/libfreetype.so.6.8.0
84978000-8497c000 r--p 00094000 08:15 4797       /usr/lib/i386-linux-gnu/libfreetype.so.6.8.0
8497c000-8497d000 rw-p 00098000 08:15 4797       /usr/lib/i386-linux-gnu/libfreetype.so.6.8.0
8497d000-849c4000 r-xp 00000000 08:15 5039       /usr/lib/i386-linux-gnu/libpango-1.0.so.0.3000.0
849c4000-849c5000 ---p 00047000 08:15 5039       /usr/lib/i386-linux-gnu/libpango-1.0.so.0.3000.0
849c5000-849c6000 r--p 00047000 08:15 5039       /usr/lib/i386-linux-gnu/libpango-1.0.so.0.3000.0
849c6000-849c7000 rw-p 00048000 08:15 5039       /usr/lib/i386-linux-gnu/libpango-1.0.so.0.3000.0
849c7000-84a8e000 r-xp 00000000 08:15 4697       /usr/lib/i386-linux-gnu/libcairo.so.2.11000.2
84a8e000-84a8f000 r--p 000c7000 08:15 4697       /usr/lib/i386-linux-gnu/libcairo.so.2.11000.2
84a8f000-84a90000 rw-p 000c8000 08:15 4697       /usr/lib/i386-linux-gnu/libcairo.so.2.11000.2
84a90000-84a92000 rw-p 00000000 00:00 0 
84a92000-84be5000 r-xp 00000000 08:15 4834       /usr/lib/i386-linux-gnu/libgio-2.0.so.0.3200.4
84be5000-84be7000 r--p 00153000 08:15 4834       /usr/lib/i386-linux-gnu/libgio-2.0.so.0.3200.4
84be7000-84be8000 rw-p 00155000 08:15 4834       /usr/lib/i386-linux-gnu/libgio-2.0.so.0.3200.4
84be8000-84be9000 rw-p 00000000 00:00 0 
84be9000-84c94000 r-xp 00000000 08:15 4818       /usr/lib/i386-linux-gnu/libgdk-x11-2.0.so.0.2400.10
84c94000-84c95000 ---p 000ab000 08:15 4818       /usr/lib/i386-linux-gnu/libgdk-x11-2.0.so.0.2400.10
84c95000-84c97000 r--p 000ab000 08:15 4818       /usr/lib/i386-linux-gnu/libgdk-x11-2.0.so.0.2400.10
84c97000-84c98000 rw-p 000ad000 08:15 4818       /usr/lib/i386-linux-gnu/libgdk-x11-2.0.so.0.2400.10
84c98000-850f8000 r-xp 00000000 08:15 4921       /usr/lib/i386-linux-gnu/libgtk-x11-2.0.so.0.2400.10
850f8000-850fc000 r--p 00460000 08:15 4921       /usr/lib/i386-linux-gnu/libgtk-x11-2.0.so.0.2400.10
850fc000-850fe000 rw-p 00464000 08:15 4921       /usr/lib/i386-linux-gnu/libgtk-x11-2.0.so.0.2400.10
850fe000-85100000 rw-p 00000000 00:00 0 
85100000-85200000 rw-p 00000000 00:00 0 
85200000-85203000 r--s 00000000 08:15 279360     /var/cache/fontconfig/7ef2298fde41cc6eeb7af42e48b7d293-le32d4.cache-3
85203000-85207000 r-xp 00000000 08:15 4639       /usr/lib/i386-linux-gnu/libXxf86vm.so.1.0.0
85207000-85208000 r--p 00003000 08:15 4639       /usr/lib/i386-linux-gnu/libXxf86vm.so.1.0.0
85208000-85209000 rw-p 00004000 08:15 4639       /usr/lib/i386-linux-gnu/libXxf86vm.so.1.0.0
85209000-8523b000 r-xp 00000000 08:15 4789       /usr/lib/i386-linux-gnu/libfontconfig.so.1.4.4
8523b000-8523c000 r--p 00032000 08:15 4789       /usr/lib/i386-linux-gnu/libfontconfig.so.1.4.4
8523c000-8523d000 rw-p 00033000 08:15 4789       /usr/lib/i386-linux-gnu/libfontconfig.so.1.4.4
8523d000-85267000 r-xp 00000000 08:15 5043       /usr/lib/i386-linux-gnu/libpangoft2-1.0.so.0.3000.0
85267000-85268000 r--p 00029000 08:15 5043       /usr/lib/i386-linux-gnu/libpangoft2-1.0.so.0.3000.0
85268000-85269000 rw-p 0002a000 08:15 5043       /usr/lib/i386-linux-gnu/libpangoft2-1.0.so.0.3000.0
85269000-8526c000 ---p 00000000 00:00 0 
8526c000-852ba000 rw-p 00000000 00:00 0 
852ba000-85346000 r--s 00fea000 08:15 677863     /usr/lib/jvm/java-8-oracle/jre/lib/ext/jfxrt.jar
85346000-85347000 ---p 00000000 00:00 0 
85347000-853c7000 rw-p 00000000 00:00 0 
853c7000-853ca000 ---p 00000000 00:00 0 
853ca000-85418000 rw-p 00000000 00:00 0          [stack:18956]
85418000-8541b000 ---p 00000000 00:00 0 
8541b000-85499000 rw-p 00000000 00:00 0          [stack:18955]
85499000-8549c000 ---p 00000000 00:00 0 
8549c000-8551a000 rw-p 00000000 00:00 0          [stack:18954]
8551a000-8551d000 ---p 00000000 00:00 0 
8551d000-8556b000 rw-p 00000000 00:00 0          [stack:19040]
8556b000-8556e000 ---p 00000000 00:00 0 
8556e000-855bc000 rw-p 00000000 00:00 0          [stack:18950]
855bc000-855bf000 ---p 00000000 00:00 0 
855bf000-8560d000 rw-p 00000000 00:00 0          [stack:18947]
8560d000-85610000 ---p 00000000 00:00 0 
85610000-8565e000 rw-p 00000000 00:00 0 
8565e000-85661000 ---p 00000000 00:00 0 
85661000-856af000 rw-p 00000000 00:00 0          [stack:18944]
856af000-856b2000 ---p 00000000 00:00 0 
856b2000-85700000 rw-p 00000000 00:00 0          [stack:18943]
85700000-857fc000 rw-p 00000000 00:00 0 
857fc000-85800000 ---p 00000000 00:00 0 
85800000-85801000 r--s 00000000 08:15 274139     /var/cache/fontconfig/56cf4f4769d0f4abc89a4895d7bd3ae1-le32d4.cache-3
85801000-85803000 r-xp 00000000 08:15 4601       /usr/lib/i386-linux-gnu/libXcomposite.so.1.0.0
85803000-85804000 r--p 00001000 08:15 4601       /usr/lib/i386-linux-gnu/libXcomposite.so.1.0.0
85804000-85805000 rw-p 00002000 08:15 4601       /usr/lib/i386-linux-gnu/libXcomposite.so.1.0.0
85805000-85824000 r-xp 00000000 08:15 4820       /usr/lib/i386-linux-gnu/libgdk_pixbuf-2.0.so.0.2600.1
85824000-85825000 r--p 0001e000 08:15 4820       /usr/lib/i386-linux-gnu/libgdk_pixbuf-2.0.so.0.2600.1
85825000-85826000 rw-p 0001f000 08:15 4820       /usr/lib/i386-linux-gnu/libgdk_pixbuf-2.0.so.0.2600.1
85826000-859fc000 r--s 03cae000 08:15 677884     /usr/lib/jvm/java-8-oracle/jre/lib/rt.jar
859fc000-85e42000 rw-p 00000000 00:00 0 
85e42000-85e48000 ---p 00000000 00:00 0 
85e48000-87000000 rw-p 00000000 00:00 0 
87000000-870ff000 rw-p 00000000 00:00 0 
870ff000-87100000 ---p 00000000 00:00 0 
87100000-87102000 r-xp 00000000 08:15 4617       /usr/lib/i386-linux-gnu/libXinerama.so.1.0.0
87102000-87103000 r--p 00001000 08:15 4617       /usr/lib/i386-linux-gnu/libXinerama.so.1.0.0
87103000-87104000 rw-p 00002000 08:15 4617       /usr/lib/i386-linux-gnu/libXinerama.so.1.0.0
87104000-87121000 r-xp 00000000 08:15 4659       /usr/lib/i386-linux-gnu/libatk-1.0.so.0.20409.1
87121000-87123000 r--p 0001c000 08:15 4659       /usr/lib/i386-linux-gnu/libatk-1.0.so.0.20409.1
87123000-87124000 rw-p 0001e000 08:15 4659       /usr/lib/i386-linux-gnu/libatk-1.0.so.0.20409.1
87124000-87125000 ---p 00000000 00:00 0 
87125000-87200000 rw-p 00000000 00:00 0          [stack:18942]
87200000-87221000 rw-p 00000000 00:00 0 
87221000-87300000 ---p 00000000 00:00 0 
87300000-87301000 r-xp 00000000 08:15 4592       /usr/lib/i386-linux-gnu/libX11-xcb.so.1.0.0
87301000-87302000 r--p 00000000 08:15 4592       /usr/lib/i386-linux-gnu/libX11-xcb.so.1.0.0
87302000-87303000 rw-p 00001000 08:15 4592       /usr/lib/i386-linux-gnu/libX11-xcb.so.1.0.0
87303000-87308000 r-xp 00000000 08:15 4635       /usr/lib/i386-linux-gnu/libXtst.so.6.1.0
87308000-87309000 r--p 00004000 08:15 4635       /usr/lib/i386-linux-gnu/libXtst.so.6.1.0
87309000-8730a000 rw-p 00005000 08:15 4635       /usr/lib/i386-linux-gnu/libXtst.so.6.1.0
8730a000-87359000 rw-p 00000000 00:00 0 
87359000-8735a000 ---p 00000000 00:00 0 
8735a000-873da000 rw-p 00000000 00:00 0          [stack:18941]
873da000-873db000 ---p 00000000 00:00 0 
873db000-87466000 rw-p 00000000 00:00 0          [stack:18940]
87466000-87503000 ---p 00000000 00:00 0 
87503000-8750e000 rw-p 00000000 00:00 0 
8750e000-875ab000 ---p 00000000 00:00 0 
875ab000-875b5000 rw-p 00000000 00:00 0 
875b5000-875ff000 ---p 00000000 00:00 0 
875ff000-88b80000 rw-p 00000000 00:00 0 
88b80000-9c600000 ---p 00000000 00:00 0 
9c600000-9d880000 rw-p 00000000 00:00 0 
9d880000-a6e00000 ---p 00000000 00:00 0 
a6e00000-a6e01000 r--s 00000000 08:15 274150     /var/cache/fontconfig/b9d506c9ac06c20b433354fa67a72993-le32d4.cache-3
a6e01000-a6e0c000 r-xp 00000000 08:15 5041       /usr/lib/i386-linux-gnu/libpangocairo-1.0.so.0.3000.0
a6e0c000-a6e0d000 r--p 0000a000 08:15 5041       /usr/lib/i386-linux-gnu/libpangocairo-1.0.so.0.3000.0
a6e0d000-a6e0e000 rw-p 0000b000 08:15 5041       /usr/lib/i386-linux-gnu/libpangocairo-1.0.so.0.3000.0
a6e0e000-a6e26000 rw-p 00000000 00:00 0 
a6e26000-a71ce000 ---p 00000000 00:00 0 
a71ce000-a77ae000 rwxp 00000000 00:00 0 
a77ae000-b61ce000 ---p 00000000 00:00 0 
b61ce000-b6300000 r--p 00858000 08:15 6843       /usr/lib/locale/locale-archive
b6300000-b6500000 r--p 00000000 08:15 6843       /usr/lib/locale/locale-archive
b6500000-b65f9000 rw-p 00000000 00:00 0 
b65f9000-b6600000 ---p 00000000 00:00 0 
b6600000-b6602000 r--s 00000000 08:15 279110     /var/cache/fontconfig/e49e89034d371f0f9de17aab02136486-le32d4.cache-3
b6602000-b6605000 r-xp 00000000 08:15 4846       /usr/lib/i386-linux-gnu/libgmodule-2.0.so.0.3200.4
b6605000-b6606000 r--p 00002000 08:15 4846       /usr/lib/i386-linux-gnu/libgmodule-2.0.so.0.3200.4
b6606000-b6607000 rw-p 00003000 08:15 4846       /usr/lib/i386-linux-gnu/libgmodule-2.0.so.0.3200.4
b6607000-b6608000 r--s 00000000 08:15 279109     /var/cache/fontconfig/4b14b093aebc79c320de5e86ae1d3314-le32d4.cache-3
b6608000-b660b000 r--p 00000000 08:15 423228     /usr/share/locale-langpack/ru/LC_MESSAGES/atk10.mo
b660b000-b660c000 rw-s 1804ac000 00:05 8292      /dev/dri/card0
b660c000-b6612000 r-xp 00000000 08:15 2162       /usr/lib/i386-linux-gnu/libdrm_nouveau.so.2.0.0
b6612000-b6613000 r--p 00005000 08:15 2162       /usr/lib/i386-linux-gnu/libdrm_nouveau.so.2.0.0
b6613000-b6614000 rw-p 00006000 08:15 2162       /usr/lib/i386-linux-gnu/libdrm_nouveau.so.2.0.0
b6614000-b661b000 r--s 00000000 08:15 6576       /usr/lib/i386-linux-gnu/gconv/gconv-modules.cache
b661b000-b6625000 r-xp 00000000 08:15 677959     /usr/lib/jvm/java-8-oracle/jre/lib/i386/libprism_es2.so
b6625000-b6626000 r--p 0000a000 08:15 677959     /usr/lib/jvm/java-8-oracle/jre/lib/i386/libprism_es2.so
b6626000-b6627000 rw-p 0000b000 08:15 677959     /usr/lib/jvm/java-8-oracle/jre/lib/i386/libprism_es2.so
b6627000-b662a000 r-xp 00000000 08:15 677920     /usr/lib/jvm/java-8-oracle/jre/lib/i386/libdt_socket.so
b662a000-b662b000 rw-p 00003000 08:15 677920     /usr/lib/jvm/java-8-oracle/jre/lib/i386/libdt_socket.so
b662b000-b6644000 r-xp 00000000 08:15 677948     /usr/lib/jvm/java-8-oracle/jre/lib/i386/libzip.so
b6644000-b6645000 rw-p 00018000 08:15 677948     /usr/lib/jvm/java-8-oracle/jre/lib/i386/libzip.so
b6645000-b6650000 r-xp 00000000 08:15 149889     /lib/i386-linux-gnu/libnss_files-2.15.so
b6650000-b6651000 r--p 0000a000 08:15 149889     /lib/i386-linux-gnu/libnss_files-2.15.so
b6651000-b6652000 rw-p 0000b000 08:15 149889     /lib/i386-linux-gnu/libnss_files-2.15.so
b6652000-b665c000 r-xp 00000000 08:15 143939     /lib/i386-linux-gnu/libnss_nis-2.15.so
b665c000-b665d000 r--p 00009000 08:15 143939     /lib/i386-linux-gnu/libnss_nis-2.15.so
b665d000-b665e000 rw-p 0000a000 08:15 143939     /lib/i386-linux-gnu/libnss_nis-2.15.so
b665e000-b6674000 r-xp 00000000 08:15 149899     /lib/i386-linux-gnu/libnsl-2.15.so
b6674000-b6675000 r--p 00015000 08:15 149899     /lib/i386-linux-gnu/libnsl-2.15.so
b6675000-b6676000 rw-p 00016000 08:15 149899     /lib/i386-linux-gnu/libnsl-2.15.so
b6676000-b6678000 rw-p 00000000 00:00 0 
b6678000-b667f000 r-xp 00000000 08:15 149903     /lib/i386-linux-gnu/libnss_compat-2.15.so
b667f000-b6680000 r--p 00006000 08:15 149903     /lib/i386-linux-gnu/libnss_compat-2.15.so
b6680000-b6681000 rw-p 00007000 08:15 149903     /lib/i386-linux-gnu/libnss_compat-2.15.so
b6681000-b668d000 rw-p 00000000 00:00 0 
b668d000-b6695000 rw-s 00000000 08:15 677667     /tmp/hsperfdata_zonclayv/18933 (deleted)
b6695000-b66cc000 r-xp 00000000 08:15 677926     /usr/lib/jvm/java-8-oracle/jre/lib/i386/libjdwp.so
b66cc000-b66cd000 rw-p 00037000 08:15 677926     /usr/lib/jvm/java-8-oracle/jre/lib/i386/libjdwp.so
b66cd000-b66f1000 r-xp 00000000 08:15 677944     /usr/lib/jvm/java-8-oracle/jre/lib/i386/libjava.so
b66f1000-b66f2000 rw-p 00023000 08:15 677944     /usr/lib/jvm/java-8-oracle/jre/lib/i386/libjava.so
b66f2000-b66f9000 r-xp 00000000 08:15 149891     /lib/i386-linux-gnu/librt-2.15.so
b66f9000-b66fa000 r--p 00006000 08:15 149891     /lib/i386-linux-gnu/librt-2.15.so
b66fa000-b66fb000 rw-p 00007000 08:15 149891     /lib/i386-linux-gnu/librt-2.15.so
b66fb000-b66fe000 ---p 00000000 00:00 0 
b66fe000-b674c000 rw-p 00000000 00:00 0          [stack:18934]
b674c000-b6776000 r-xp 00000000 08:15 149900     /lib/i386-linux-gnu/libm-2.15.so
b6776000-b6777000 r--p 00029000 08:15 149900     /lib/i386-linux-gnu/libm-2.15.so
b6777000-b6778000 rw-p 0002a000 08:15 149900     /lib/i386-linux-gnu/libm-2.15.so
b6778000-b70b5000 r-xp 00000000 08:15 677937     /usr/lib/jvm/java-8-oracle/jre/lib/i386/server/libjvm.so
b70b5000-b7121000 rw-p 0093c000 08:15 677937     /usr/lib/jvm/java-8-oracle/jre/lib/i386/server/libjvm.so
b7121000-b7546000 rw-p 00000000 00:00 0 
b7546000-b76ea000 r-xp 00000000 08:15 149904     /lib/i386-linux-gnu/libc-2.15.so
b76ea000-b76eb000 ---p 001a4000 08:15 149904     /lib/i386-linux-gnu/libc-2.15.so
b76eb000-b76ed000 r--p 001a4000 08:15 149904     /lib/i386-linux-gnu/libc-2.15.so
b76ed000-b76ee000 rw-p 001a6000 08:15 149904     /lib/i386-linux-gnu/libc-2.15.so
b76ee000-b76f1000 rw-p 00000000 00:00 0 
b76f1000-b76f4000 r-xp 00000000 08:15 149902     /lib/i386-linux-gnu/libdl-2.15.so
b76f4000-b76f5000 r--p 00002000 08:15 149902     /lib/i386-linux-gnu/libdl-2.15.so
b76f5000-b76f6000 rw-p 00003000 08:15 149902     /lib/i386-linux-gnu/libdl-2.15.so
b76f6000-b770a000 r-xp 00000000 08:15 1060502    /usr/lib/jvm/java-8-oracle/lib/i386/jli/libjli.so
b770a000-b770b000 rw-p 00013000 08:15 1060502    /usr/lib/jvm/java-8-oracle/lib/i386/jli/libjli.so
b770b000-b770c000 rw-p 00000000 00:00 0 
b770c000-b7723000 r-xp 00000000 08:15 144368     /lib/i386-linux-gnu/libpthread-2.15.so
b7723000-b7724000 r--p 00016000 08:15 144368     /lib/i386-linux-gnu/libpthread-2.15.so
b7724000-b7725000 rw-p 00017000 08:15 144368     /lib/i386-linux-gnu/libpthread-2.15.so
b7725000-b7727000 rw-p 00000000 00:00 0 
b7727000-b7728000 r-xp 00000000 08:15 4917       /usr/lib/i386-linux-gnu/libgthread-2.0.so.0.3200.4
b7728000-b7729000 r--p 00000000 08:15 4917       /usr/lib/i386-linux-gnu/libgthread-2.0.so.0.3200.4
b7729000-b772a000 rw-p 00001000 08:15 4917       /usr/lib/i386-linux-gnu/libgthread-2.0.so.0.3200.4
b772a000-b772c000 r-xp 00000000 08:15 677942     /usr/lib/jvm/java-8-oracle/jre/lib/i386/libnpt.so
b772c000-b772d000 rw-p 00001000 08:15 677942     /usr/lib/jvm/java-8-oracle/jre/lib/i386/libnpt.so
b772d000-b772e000 rw-p 00000000 00:00 0 
b772e000-b772f000 ---p 00000000 00:00 0 
b772f000-b773a000 r-xp 00000000 08:15 677930     /usr/lib/jvm/java-8-oracle/jre/lib/i386/libverify.so
b773a000-b773b000 rw-p 0000b000 08:15 677930     /usr/lib/jvm/java-8-oracle/jre/lib/i386/libverify.so
b773b000-b773d000 rw-p 00000000 00:00 0 
b773d000-b773e000 r-xp 00000000 00:00 0          [vdso]
b773e000-b775e000 r-xp 00000000 08:15 149892     /lib/i386-linux-gnu/ld-2.15.so
b775e000-b775f000 r--p 0001f000 08:15 149892     /lib/i386-linux-gnu/ld-2.15.so
b775f000-b7760000 rw-p 00020000 08:15 149892     /lib/i386-linux-gnu/ld-2.15.so
bfd89000-bfd8a000 rwxp 00000000 00:00 0 
bfdbc000-bfddd000 rw-p 00000000 00:00 0          [stack]

VM Arguments:
jvm_args: -agentlib:jdwp=transport=dt_socket,suspend=y,address=localhost:47676 -Dfile.encoding=UTF-8 
java_command: org.haidash.visual.aco.AntColonyOptimization
java_class_path (initial): /home/zonclayv/Work/repositories/org.haidash.visual.aco/bin:/home/zonclayv/Work/eclipse/eclipse-java-luna-SR1/plugins/org.eclipse.fx.ide.css.jfx8_1.1.0.201411050807.jar:/home/zonclayv/Work/java_lib/log4j-1.2.17.jar
Launcher Type: SUN_STANDARD

Environment Variables:
JAVA_HOME=/usr/lib/jvm/java-7-oracle
PATH=/usr/lib/lightdm/lightdm:/usr/local/sbin:/usr/local/bin:/usr/sbin:/usr/bin:/sbin:/bin:/usr/games
LD_LIBRARY_PATH=/usr/lib/jvm/java-8-oracle/jre/lib/i386/server:/usr/lib/jvm/java-8-oracle/jre/lib/i386:/usr/lib/jvm/java-8-oracle/jre/../lib/i386:/usr/lib/jvm/java-8-oracle/jre/lib/i386/client:/usr/lib/jvm/java-8-oracle/jre/lib/i386:
SHELL=/bin/bash
DISPLAY=:0

Signal Handlers:
SIGSEGV: [libjvm.so+0x894cb0], sa_mask[0]=11111111011111111101111111111110, sa_flags=SA_RESTART|SA_SIGINFO
SIGBUS: [libjvm.so+0x894cb0], sa_mask[0]=11111111011111111101111111111110, sa_flags=SA_RESTART|SA_SIGINFO
SIGFPE: [libjvm.so+0x71dd00], sa_mask[0]=11111111011111111101111111111110, sa_flags=SA_RESTART|SA_SIGINFO
SIGPIPE: SIG_IGN, sa_mask[0]=00000000000010000000000000000000, sa_flags=SA_RESTART
SIGXFSZ: [libjvm.so+0x71dd00], sa_mask[0]=11111111011111111101111111111110, sa_flags=SA_RESTART|SA_SIGINFO
SIGILL: [libjvm.so+0x71dd00], sa_mask[0]=11111111011111111101111111111110, sa_flags=SA_RESTART|SA_SIGINFO
SIGUSR1: SIG_DFL, sa_mask[0]=00000000000000000000000000000000, sa_flags=none
SIGUSR2: [libjvm.so+0x71f4b0], sa_mask[0]=00100000000000000000000000000000, sa_flags=SA_RESTART|SA_SIGINFO
SIGHUP: [libjvm.so+0x7209b0], sa_mask[0]=11111111011111111101111111111110, sa_flags=SA_RESTART|SA_SIGINFO
SIGINT: [libjvm.so+0x7209b0], sa_mask[0]=11111111011111111101111111111110, sa_flags=SA_RESTART|SA_SIGINFO
SIGTERM: [libjvm.so+0x7209b0], sa_mask[0]=11111111011111111101111111111110, sa_flags=SA_RESTART|SA_SIGINFO
SIGQUIT: [libjvm.so+0x7209b0], sa_mask[0]=11111111011111111101111111111110, sa_flags=SA_RESTART|SA_SIGINFO


---------------  S Y S T E M  ---------------

OS: